"../../../Noob_noob3/Content/GameInstance.uasset" 0
"../../../Noob_noob3/Content/Robot/RobotMesh_Skeleton.uasset" 1
"../../../Noob_noob3/Content/Robot/Animations/RobotAnimJumpEnd.uasset" 2
"../../../Noob_noob3/Content/Robot/Animations/RobotAnimJumpLoop.uasset" 3
"../../../Noob_noob3/Content/Robot/Animations/RobotAnimJumpStart.uasset" 4
"../../../Noob_noob3/Content/Robot/Animations/RobotAnimIdle.uasset" 5
"../../../Noob_noob3/Content/Robot/Animations/RobotAnimRun.uasset" 6
"../../../Noob_noob3/Content/Robot/walkrun_bs.uasset" 7
"../../../Noob_noob3/Content/Robot/RobotAnimations.uasset" 8
"../../../Noob_noob3/Content/Robot/BlackRubber.uasset" 9
"../../../Noob_noob3/Content/Robot/colorMapRobot02.uasset" 10
"../../../Noob_noob3/Content/Robot/FaceMap.uasset" 11
"../../../Noob_noob3/Content/Robot/RaceStripe.uasset" 12
"../../../Noob_noob3/Content/Robot/RoughPlastic1.uasset" 13
"../../../Noob_noob3/Content/Robot/WhiteMetal.uasset" 14
"../../../Noob_noob3/Content/Robot/RobotMesh_PhysicsAsset.uasset" 15
"../../../Noob_noob3/Content/Robot/RobotMesh.uasset" 16
"../../../Noob_noob3/Content/UI/PauseScreen.uasset" 17
"../../../Noob_noob3/Content/ThirdPersonBP/Blueprints/ThirdPersonCharacter.uasset" 18
"../../../Noob_noob3/Content/3D/Collectables/Mat_Poop.uasset" 19
"../../../Noob_noob3/Content/3D/Collectables/Poop.uasset" 20
"../../../Noob_noob3/Content/StarterContent/Audio/Explosion01.uasset" 21
"../../../Noob_noob3/Content/StarterContent/Textures/T_Burst_M.uasset" 22
"../../../Noob_noob3/Content/StarterContent/Particles/Materials/M_Burst.uasset" 23
"../../../Noob_noob3/Content/StarterContent/Textures/T_Explosion_SubUV.uasset" 24
"../../../Noob_noob3/Content/StarterContent/Particles/Materials/M_explosion_subUV.uasset" 25
"../../../Noob_noob3/Content/StarterContent/Particles/Materials/m_flare_01.uasset" 26
"../../../Engine/Content/Functions/Engine_MaterialFunctions01/Gradient/RadialGradient.uasset" 27
"../../../Noob_noob3/Content/StarterContent/Particles/Materials/M_radial_ramp.uasset" 28
"../../../Noob_noob3/Content/StarterContent/Textures/T_Smoke_SubUV.uasset" 29
"../../../Noob_noob3/Content/StarterContent/Textures/T_Smoke_Tiled_D.uasset" 30
"../../../Noob_noob3/Content/StarterContent/Particles/Materials/M_smoke_subUV.uasset" 31
"../../../Noob_noob3/Content/StarterContent/Particles/P_Explosion.uasset" 32
"../../../Noob_noob3/Content/3D/Actors/Collect.uasset" 33
"../../../Noob_noob3/Content/3D/HUBLab/AnimalInfo_base.uasset" 34
"../../../Noob_noob3/Content/3D/HUBLab/lambert7.uasset" 35
"../../../Noob_noob3/Content/3D/HUBLab/HubLab02_AnimalInfo.uasset" 36
"../../../Noob_noob3/Content/3D/HUBLab/ArcadeMat_blue.uasset" 37
"../../../Noob_noob3/Content/3D/HUBLab/ArcadeMat_cyan.uasset" 38
"../../../Noob_noob3/Content/3D/HUBLab/ArcadeMat_green.uasset" 39
"../../../Noob_noob3/Content/3D/HUBLab/ArcadeMat_red.uasset" 40
"../../../Noob_noob3/Content/3D/HUBLab/ArcadeMat_rubber.uasset" 41
"../../../Noob_noob3/Content/3D/HUBLab/ArcadeMat_screen.uasset" 42
"../../../Noob_noob3/Content/3D/HUBLab/HubLabMat_light.uasset" 43
"../../../Noob_noob3/Content/3D/HUBLab/HubLab02_ArcadeCabinet.uasset" 44
"../../../Noob_noob3/Content/3D/HUBLab/mat_floor.uasset" 45
"../../../Noob_noob3/Content/3D/HUBLab/HubLab02_LabFloor.uasset" 46
"../../../Noob_noob3/Content/3D/HUBLab/MapBaseMat_blue.uasset" 47
"../../../Noob_noob3/Content/3D/HUBLab/HubLab02_MapBase.uasset" 48
"../../../Noob_noob3/Content/3D/HUBLab/MapScreen_globe.uasset" 49
"../../../Noob_noob3/Content/3D/HUBLab/HubLab02_MapGlobe.uasset" 50
"../../../Noob_noob3/Content/3D/HUBLab/PortalMat_dark.uasset" 51
"../../../Noob_noob3/Content/3D/HUBLab/PortalMat_gray.uasset" 52
"../../../Noob_noob3/Content/3D/HUBLab/HubLab02_PortalBase.uasset" 53
"../../../Noob_noob3/Content/GUI/Map_Screen/BottomPlate02.uasset" 54
"../../../Noob_noob3/Content/GUI/Start_Screen/StartScreen01.uasset" 55
"../../../Noob_noob3/Content/Mannequin/Character/Mesh/UE4_Mannequin_Skeleton.uasset" 56
"../../../Noob_noob3/Content/Mannequin/Animations/ThirdPersonJump_End.uasset" 57
"../../../Noob_noob3/Content/Mannequin/Animations/ThirdPerson_Jump.uasset" 58
"../../../Noob_noob3/Content/Mannequin/Animations/ThirdPersonJump_Loop.uasset" 59
"../../../Noob_noob3/Content/Mannequin/Animations/ThirdPersonJump_Start.uasset" 60
"../../../Noob_noob3/Content/Mannequin/Animations/ThirdPersonIdle.uasset" 61
"../../../Noob_noob3/Content/Mannequin/Animations/ThirdPersonRun.uasset" 62
"../../../Noob_noob3/Content/Mannequin/Animations/ThirdPersonWalk.uasset" 63
"../../../Noob_noob3/Content/Mannequin/Animations/ThirdPerson_IdleRun_2D.uasset" 64
"../../../Engine/Content/EditorBlueprintResources/StandardMacros.uasset" 65
"../../../Noob_noob3/Content/Mannequin/Animations/ThirdPerson_AnimBP.uasset" 66
"../../../Noob_noob3/Content/Sounds/Blop-Mark_DiAngelo-79054334.uasset" 67
"../../../Noob_noob3/Content/StarterContent/Materials/M_Basic_Wall.uasset" 68
"../../../Noob_noob3/Content/StarterContent/Architecture/Pillar_50x500.uasset" 69
"../../../Noob_noob3/Content/StarterContent/Architecture/Wall_400x300.uasset" 70
"../../../Noob_noob3/Content/StarterContent/Architecture/Wall_400x400.uasset" 71
"../../../Noob_noob3/Content/StarterContent/Architecture/Wall_500x500.uasset" 72
"../../../Noob_noob3/Content/StarterContent/Architecture/Wall_Door_400x400.uasset" 73
"../../../Noob_noob3/Content/StarterContent/Architecture/Wall_Window_400x400.uasset" 74
"../../../Noob_noob3/Content/StarterContent/Audio/Light01_Cue.uasset" 75
"../../../Noob_noob3/Content/StarterContent/Audio/Light02_Cue.uasset" 76
"../../../Noob_noob3/Content/StarterContent/Audio/Explosion_Cue.uasset" 77
"../../../Noob_noob3/Content/StarterContent/Blueprints/Blueprint_Effect_Explosion.uasset" 78
"../../../Engine/Content/EditorMeshes/ColorCalibrator/T_ColorGrid.uasset" 79
"../../../Noob_noob3/Content/StarterContent/Materials/M_ColorGrid_LowSpec.uasset" 80
"../../../Noob_noob3/Content/StarterContent/Textures/T_Bush_D.uasset" 81
"../../../Noob_noob3/Content/StarterContent/Textures/T_Bush_N.uasset" 82
"../../../Noob_noob3/Content/StarterContent/Props/Materials/M_Bush.uasset" 83
"../../../Noob_noob3/Content/StarterContent/Props/SM_Bush.uasset" 84
"../../../Noob_noob3/Content/StarterContent/Textures/T_Chair_M.uasset" 85
"../../../Noob_noob3/Content/StarterContent/Textures/T_Chair_N.uasset" 86
"../../../Noob_noob3/Content/StarterContent/Props/Materials/M_Chair.uasset" 87
"../../../Noob_noob3/Content/StarterContent/Props/SM_Couch.uasset" 88
"../../../Noob_noob3/Content/StarterContent/Materials/M_Glass.uasset" 89
"../../../Noob_noob3/Content/StarterContent/Textures/T_Door_M.uasset" 90
"../../../Noob_noob3/Content/StarterContent/Textures/T_Door_N.uasset" 91
"../../../Noob_noob3/Content/StarterContent/Props/Materials/M_Door.uasset" 92
"../../../Noob_noob3/Content/StarterContent/Props/SM_Door.uasset" 93
"../../../Noob_noob3/Content/StarterContent/Props/Materials/M_MaterialSphere.uasset" 94
"../../../Noob_noob3/Content/StarterContent/Props/Materials/M_MaterialSphere_Plain.uasset" 95
"../../../Noob_noob3/Content/StarterContent/Props/SM_MatPreviewMesh_02.uasset" 96
"../../../Engine/Content/Functions/Engine_MaterialFunctions02/Utility/BlendAngleCorrectedNormals.uasset" 97
"../../../Noob_noob3/Content/StarterContent/Textures/T_Detail_Rocky_N.uasset" 98
"../../../Noob_noob3/Content/StarterContent/Textures/T_Rock_Basalt_D.uasset" 99
"../../../Noob_noob3/Content/StarterContent/Textures/T_RockMesh_M.uasset" 100
"../../../Noob_noob3/Content/StarterContent/Textures/T_RockMesh_N.uasset" 101
"../../../Noob_noob3/Content/StarterContent/Props/Materials/M_Rock.uasset" 102
"../../../Noob_noob3/Content/StarterContent/Props/SM_Rock.uasset" 103
"../../../Noob_noob3/Content/StarterContent/Textures/T_Shelf_M.uasset" 104
"../../../Noob_noob3/Content/StarterContent/Textures/T_Shelf_N.uasset" 105
"../../../Noob_noob3/Content/StarterContent/Props/Materials/M_Shelf.uasset" 106
"../../../Noob_noob3/Content/StarterContent/Props/SM_Shelf.uasset" 107
"../../../Noob_noob3/Content/StarterContent/Materials/M_Basic_Floor.uasset" 108
"../../../Noob_noob3/Content/StarterContent/Props/SM_Stairs.uasset" 109
"../../../Noob_noob3/Content/StarterContent/Shapes/Shape_Cone.uasset" 110
"../../../Noob_noob3/Content/StarterContent/Shapes/Shape_Cylinder.uasset" 111
"../../../Noob_noob3/Content/StarterContent/Shapes/Shape_NarrowCapsule.uasset" 112
"../../../Noob_noob3/Content/StarterContent/Shapes/Shape_Pipe.uasset" 113
"../../../Noob_noob3/Content/StarterContent/Shapes/Shape_Pipe_180.uasset" 114
"../../../Noob_noob3/Content/StarterContent/Shapes/Shape_Pipe_90.uasset" 115
"../../../Noob_noob3/Content/StarterContent/Shapes/Shape_Plane.uasset" 116
"../../../Noob_noob3/Content/StarterContent/Shapes/Shape_Torus.uasset" 117
"../../../Noob_noob3/Content/StarterContent/Shapes/Shape_Trim.uasset" 118
"../../../Noob_noob3/Content/StarterContent/Shapes/Shape_Trim_90_In.uasset" 119
"../../../Noob_noob3/Content/StarterContent/Shapes/Shape_Trim_90_Out.uasset" 120
"../../../Noob_noob3/Content/StarterContent/Shapes/Shape_TriPyramid.uasset" 121
"../../../Noob_noob3/Content/StarterContent/Shapes/Shape_Tube.uasset" 122
"../../../Noob_noob3/Content/StarterContent/Shapes/Shape_Wedge_A.uasset" 123
"../../../Noob_noob3/Content/StarterContent/Shapes/Shape_Wedge_B.uasset" 124
"../../../Noob_noob3/Content/StarterContent/Shapes/Shape_WideCapsule.uasset" 125
"../../../Noob_noob3/Content/ThirdPersonBP/Blueprints/ThirdPersonGameMode.uasset" 126
"../../../Noob_noob3/Content/UI/Lab/BottomMessage02.uasset" 127
"../../../Noob_noob3/Content/UI/Lab/BottomPlate01.uasset" 128
"../../../Noob_noob3/Content/UI/Lab/DescriptionButton02.uasset" 129
"../../../Noob_noob3/Content/UI/Lab/Go02.uasset" 130
"../../../Noob_noob3/Content/UI/Lab/Hub_Lab_2D_05.uasset" 131
"../../../Noob_noob3/Content/UI/Lab/LeaderboardButton02.uasset" 132
"../../../Noob_noob3/Content/UI/Lab/Leftcolumns.uasset" 133
"../../../Noob_noob3/Content/UI/Lab/Map02.uasset" 134
"../../../Noob_noob3/Content/UI/Lab/Marker.uasset" 135
"../../../Noob_noob3/Content/UI/Lab/RightColumns.uasset" 136
"../../../Noob_noob3/Content/UI/Lab/TopMessage02.uasset" 137
"../../../Engine/Content/Functions/Engine_MaterialFunctions01/Opacity/CameraDepthFade.uasset" 138
"../../../Engine/Content/EngineMaterials/T_Default_Material_Grid_M.uasset" 139
"../../../Engine/Content/EngineMaterials/T_Default_Material_Grid_N.uasset" 140
"../../../Engine/Content/EngineMaterials/DefaultMaterial.uasset" 141
"../../../Engine/Content/BasicShapes/Cone.uasset" 142
"../../../Engine/Content/BasicShapes/Cylinder.uasset" 143
"../../../Engine/Content/BasicShapes/Sphere.uasset" 144
"../../../Engine/Content/EditorLandscapeResources/DataLayer.uasset" 145
"../../../Engine/Content/EditorMaterials/GizmoMaterial.uasset" 146
"../../../Engine/Content/EditorMaterials/MAT_Groups_Toggle.uasset" 147
"../../../Engine/Content/EditorMaterials/MAT_Groups_Visibility.uasset" 148
"../../../Engine/Content/EditorMaterials/PreviewShadowIndicator.uasset" 149
"../../../Engine/Content/EditorMaterials/PreviewShadowIndicatorMaterial.uasset" 150
"../../../Engine/Content/EditorMaterials/MatineeGroups/MAT_ColorTrack.uasset" 151
"../../../Engine/Content/EditorMaterials/MatineeGroups/MAT_Groups_Anim.uasset" 152
"../../../Engine/Content/EditorMaterials/MatineeGroups/MAT_Groups_AudioMaster.uasset" 153
"../../../Engine/Content/EditorMaterials/MatineeGroups/MAT_Groups_Director.uasset" 154
"../../../Engine/Content/EditorMaterials/MatineeGroups/MAT_Groups_Event.uasset" 155
"../../../Engine/Content/EditorMaterials/MatineeGroups/MAT_Groups_Fade.uasset" 156
"../../../Engine/Content/EditorMaterials/MatineeGroups/MAT_Groups_Float.uasset" 157
"../../../Engine/Content/EditorMaterials/MatineeGroups/MAT_Groups_Move.uasset" 158
"../../../Engine/Content/EditorMaterials/MatineeGroups/MAT_Groups_Slomo.uasset" 159
"../../../Engine/Content/EditorMaterials/MatineeGroups/MAT_Groups_Sound.uasset" 160
"../../../Engine/Content/EditorMaterials/MatineeGroups/MAT_Groups_Vector.uasset" 161
"../../../Engine/Content/EditorMaterials/ParticleSystems/PSysThumbnail_NoImage.uasset" 162
"../../../Engine/Content/EditorMaterials/ParticleSystems/PSysThumbnail_OOD.uasset" 163
"../../../Engine/Content/EditorMaterials/Camera/CineMat.uasset" 164
"../../../Engine/Content/EditorMaterials/Camera/MI_CineMat_Rig.uasset" 165
"../../../Engine/Content/EditorMeshes/Camera/SM_CraneRig_Arm.uasset" 166
"../../../Engine/Content/EditorMeshes/Camera/SM_CraneRig_Base.uasset" 167
"../../../Engine/Content/EditorMeshes/Camera/SM_CraneRig_Body.uasset" 168
"../../../Engine/Content/EditorMeshes/Camera/SM_CraneRig_Mount.uasset" 169
"../../../Engine/Content/EditorMeshes/Camera/SM_RailRig_Mount.uasset" 170
"../../../Engine/Content/EditorMeshes/Camera/SM_RailRig_Track.uasset" 171
"../../../Engine/Content/EditorResources/BSPVertex.uasset" 172
"../../../Engine/Content/EditorResources/EmptyActor.uasset" 173
"../../../Engine/Content/EditorResources/S_Actor.uasset" 174
"../../../Engine/Content/EditorResources/S_Trigger.uasset" 175
"../../../Engine/Content/EditorResources/AudioIcons/S_AudioComponent.uasset" 176
"../../../Engine/Content/EditorResources/AudioIcons/S_AudioComponent_AutoActivate.uasset" 177
"../../../Engine/Content/EditorResources/LightIcons/S_LightError.uasset" 178
"../../../Engine/Content/EditorResources/SequenceRecorder/Countdown.uasset" 179
"../../../Engine/Content/EditorResources/SequenceRecorder/RecordingIndicator.uasset" 180
"../../../Engine/Content/EditorSounds/Notifications/CompileFailed.uasset" 181
"../../../Engine/Content/EditorSounds/Notifications/CompileFailed_Cue.uasset" 182
"../../../Engine/Content/EditorSounds/Notifications/CompileSuccess.uasset" 183
"../../../Engine/Content/EditorSounds/Notifications/CompileStart_Cue.uasset" 184
"../../../Engine/Content/EditorSounds/Notifications/CompileSuccess_Cue.uasset" 185
"../../../Engine/Content/EngineDamageTypes/DmgTypeBP_Environmental.uasset" 186
"../../../Engine/Content/EngineDebugMaterials/HeatmapGradient.uasset" 187
"../../../Engine/Content/EngineDebugMaterials/BoneWeightMaterial.uasset" 188
"../../../Engine/Content/EngineDebugMaterials/ClothMaterial.uasset" 189
"../../../Engine/Content/EngineDebugMaterials/ClothMaterial_WF.uasset" 190
"../../../Engine/Content/EngineDebugMaterials/DebugEditorMaterial.uasset" 191
"../../../Engine/Content/EngineDebugMaterials/DebugMeshMaterial.uasset" 192
"../../../Engine/Content/EngineDebugMaterials/GeomMaterial.uasset" 193
"../../../Engine/Content/EngineFonts/Faces/RobotoBold.uasset" 194
"../../../Engine/Content/EngineFonts/Faces/RobotoBoldItalic.uasset" 195
"../../../Engine/Content/EngineFonts/Faces/RobotoItalic.uasset" 196
"../../../Engine/Content/EngineFonts/Faces/RobotoLight.uasset" 197
"../../../Engine/Content/EngineFonts/Faces/RobotoRegular.uasset" 198
"../../../Engine/Content/EngineFonts/Roboto.uasset" 199
"../../../Engine/Content/EngineFonts/Faces/RobotoTiny.uasset" 200
"../../../Engine/Content/EngineFonts/RobotoTiny.uasset" 201
"../../../Engine/Content/EngineMaterials/DefaultBloomKernel.uasset" 202
"../../../Engine/Content/EngineMaterials/DefaultBokeh.uasset" 203
"../../../Engine/Content/EngineMaterials/DefaultDiffuse.uasset" 204
"../../../Engine/Content/EngineMaterials/DefaultDeferredDecalMaterial.uasset" 205
"../../../Engine/Content/EngineMaterials/DefaultLightFunctionMaterial.uasset" 206
"../../../Engine/Content/EngineMaterials/DefaultPhysicalMaterial.uasset" 207
"../../../Engine/Content/Functions/Engine_MaterialFunctions02/Utility/BreakOutFloat2Components.uasset" 208
"../../../Engine/Content/EngineMaterials/DefaultPostProcessMaterial.uasset" 209
"../../../Engine/Content/EngineFonts/RobotoDistanceField.uasset" 210
"../../../Engine/Content/EngineMaterials/DefaultTextMaterialOpaque.uasset" 211
"../../../Engine/Content/EngineMaterials/DefaultWhiteGrid.uasset" 212
"../../../Engine/Content/EngineMaterials/EditorBrushMaterial.uasset" 213
"../../../Engine/Content/EngineMaterials/Good64x64TilingNoiseHighFreq.uasset" 214
"../../../Engine/Content/EngineMaterials/MiniFont.uasset" 215
"../../../Engine/Content/EngineMaterials/InvalidLightmapSettings.uasset" 216
"../../../Engine/Content/EngineMaterials/M_InvalidLightmapSettings.uasset" 217
"../../../Engine/Content/Functions/Engine_MaterialFunctions02/WorldPositionOffset/CameraOffset.uasset" 218
"../../../Engine/Content/EngineMaterials/PhAT_JointLimitMaterial.uasset" 219
"../../../Engine/Content/EngineMaterials/PreintegratedSkinBRDF.uasset" 220
"../../../Engine/Content/EngineMaterials/RemoveSurfaceMaterial.uasset" 221
"../../../Engine/Content/EngineMaterials/WeightMapPlaceholderTexture.uasset" 222
"../../../Engine/Content/EngineResources/WhiteSquareTexture.uasset" 223
"../../../Engine/Content/EngineMaterials/Widget3DPassThrough.uasset" 224
"../../../Engine/Content/EngineMaterials/Widget3DPassThrough_Masked.uasset" 225
"../../../Engine/Content/EngineMaterials/Widget3DPassThrough_Opaque.uasset" 226
"../../../Engine/Content/EngineMaterials/Widget3DPassThrough_Masked_OneSided.uasset" 227
"../../../Engine/Content/EngineMaterials/Widget3DPassThrough_Opaque_OneSided.uasset" 228
"../../../Engine/Content/EngineMaterials/Widget3DPassThrough_Translucent.uasset" 229
"../../../Engine/Content/EngineMaterials/Widget3DPassThrough_Translucent_OneSided.uasset" 230
"../../../Engine/Content/EngineMeshes/Cube.uasset" 231
"../../../Engine/Content/EngineMeshes/Cylinder.uasset" 232
"../../../Engine/Content/EngineMeshes/Sphere.uasset" 233
"../../../Engine/Content/EngineResources/Black.uasset" 234
"../../../Engine/Content/EngineResources/DefaultTexture.uasset" 235
"../../../Engine/Content/EngineResources/DefaultTextureCube.uasset" 236
"../../../Engine/Content/EngineResources/GradientTexture0.uasset" 237
"../../../Engine/Content/EngineSounds/Master.uasset" 238
"../../../Engine/Content/Functions/Engine_MaterialFunctions01/Shading/ConvertFromDiffSpec.uasset" 239
"../../../Engine/Content/Functions/Engine_MaterialFunctions01/Shading/PowerToRoughness.uasset" 240
"../../../Engine/Content/Maps/Templates/Thumbnails/Default.uasset" 241
"../../../Engine/Content/Maps/Templates/Thumbnails/VR-Basic.uasset" 242
"../../../Engine/Content/MobileResources/T_MobileControls_texture.uasset" 243
"../../../Engine/Content/MobileResources/T_MobileMenu2.uasset" 244
"../../../Engine/Content/MobileResources/HUD/AnalogHat.uasset" 245
"../../../Engine/Content/MobileResources/HUD/VirtualJoystick_Background.uasset" 246
"../../../Engine/Content/MobileResources/HUD/VirtualJoystick_Thumb.uasset" 247
"../../../Engine/Content/MobileResources/HUD/DefaultVirtualJoysticks.uasset" 248
"../../../Engine/Content/MobileResources/HUD/LeftVirtualJoystickOnly.uasset" 249
"../../../Engine/Content/MobileResources/HUD/MobileHUDButton1_off.uasset" 250
"../../../Engine/Content/MobileResources/HUD/MobileHUDButton1_on.uasset" 251
"../../../Engine/Content/MobileResources/HUD/MobileHUDButton2_off.uasset" 252
"../../../Engine/Content/MobileResources/HUD/MobileHUDButton2_on.uasset" 253
"../../../Engine/Content/MobileResources/HUD/MobileHUDButton3.uasset" 254
"../../../Engine/Content/MobileResources/HUD/MobileHUDButtonFire.uasset" 255
"../../../Engine/Content/MobileResources/HUD/MobileHUDDirectionPad.uasset" 256
"../../../Engine/Content/MobileResources/HUD/MobileHUDDirectionPad2.uasset" 257
"../../../Engine/Content/MobileResources/HUD/MobileHUDDirectionPad3.uasset" 258
"../../../Engine/Content/MobileResources/HUD/MobileHUDDirectionStick.uasset" 259
"../../../Engine/Content/MobileResources/HUD/T_Castle_ThumbstickInner.uasset" 260
"../../../Engine/Content/MobileResources/HUD/T_Castle_ThumbstickOutter.uasset" 261
"../../../Engine/Content/Tutorial/ContentIntroCurve.uasset" 262
"../../../Engine/Content/Tutorial/Basics/TutorialAssets/icon_tab_Levels_40x.uasset" 263
"../../../Engine/Content/Tutorial/BlueprintTutorials/TutorialAssets/BlueprintInterface_64x.uasset" 264
"../../../Engine/Content/Tutorial/BlueprintTutorials/TutorialAssets/BlueprintMacroLibrary_64x.uasset" 265
"../../../Engine/Content/Tutorial/BlueprintTutorials/TutorialAssets/Blueprint_64x.uasset" 266
"../../../Engine/Content/Tutorial/BlueprintTutorials/TutorialAssets/Tutorial_BP_Interface.uasset" 267
"../../../Engine/Content/Tutorial/Foliage/TutorialAssets/Foliage.uasset" 268
"../../../Engine/Content/Tutorial/Landscape/TutorialAssets/Landscape.uasset" 269
"../../../Engine/Content/Tutorial/Paper2D/TutorialAssets/Paper2DFlipbook_TutorialIcon.uasset" 270
"../../../Engine/Content/Tutorial/Paper2D/TutorialAssets/Paper2DSprite_TutorialIcon.uasset" 271
"../../../Engine/Content/Tutorial/SubEditors/TutorialAssets/icon_Editor_Preferences_General_40x.uasset" 272
"../../../Engine/Content/Tutorial/SubEditors/TutorialAssets/icon_ShowSkeletalMeshes_40x.uasset" 273
"../../../Engine/Content/Tutorial/SubEditors/TutorialAssets/TutorialMaterial.uasset" 274
"../../../Engine/Content/Tutorial/SubEditors/TutorialAssets/T_SmokeSubUV_8X8.uasset" 275
"../../../Engine/Content/Tutorial/SubEditors/TutorialAssets/T_soft_smoke.uasset" 276
"../../../Engine/Content/Tutorial/SubEditors/TutorialAssets/M_smoke_subUV_blackbody.uasset" 277
"../../../Engine/Content/Tutorial/SubEditors/TutorialAssets/TutorialParticleSystem.uasset" 278
"../../../Engine/Content/VREditor/Devices/Generic/GenericHMDMaterial.uasset" 279
"../../../Engine/Content/VREditor/Devices/Generic/GenericHMD.uasset" 280
"../../../Engine/Content/VREditor/FloatingText/LineMaterial.uasset" 281
"../../../Engine/Content/VREditor/FloatingText/JointSphere.uasset" 282
"../../../Engine/Content/VREditor/FloatingText/LineSegmentCylinder.uasset" 283
"../../../Engine/Content/VREditor/Fonts/VRText_RobotoLarge.uasset" 284
"../../../Engine/Content/VREditor/Fonts/VRTextMaterial.uasset" 285
"../../../Engine/Content/VREditor/Fonts/TranslucentVRTextMaterial.uasset" 286
"../../../Engine/Content/EngineMaterials/WorldGridMaterial.uasset" 287
"../../../Engine/Content/VREditor/LaserPointer/CursorPointer.uasset" 288
"../../../Engine/Content/VREditor/LaserPointer/VR_LaserPower_01.uasset" 289
"../../../Engine/Content/VREditor/TransformGizmo/TransformGizmoMaterial.uasset" 290
"../../../Engine/Content/VREditor/LaserPointer/HoverMaterial.uasset" 291
"../../../Engine/Content/VREditor/TransformGizmo/TranslucentTransformGizmoMaterial.uasset" 292
"../../../Engine/Content/VREditor/LaserPointer/TranslucentHoverMaterial.uasset" 293
"../../../Engine/Content/VREditor/LaserPointer/HoverMesh.uasset" 294
"../../../Engine/Content/VREditor/LaserPointer/LaserPointerMaterial.uasset" 295
"../../../Engine/Content/VREditor/LaserPointer/LaserPointerMaterialInst.uasset" 296
"../../../Engine/Content/VREditor/LaserPointer/TranslucentLaserPointerMaterialInst.uasset" 297
"../../../Engine/Content/VREditor/LaserPointer/LaserPointerMesh.uasset" 298
"../../../Engine/Content/VREditor/LaserPointer/LaserPointerMesh_End.uasset" 299
"../../../Engine/Content/VREditor/LaserPointer/LaserPointerMesh_Start.uasset" 300
"../../../Engine/Content/Functions/Engine_MaterialFunctions02/Utility/BreakOutFloat3Components.uasset" 301
"../../../Engine/Content/Functions/Engine_MaterialFunctions02/Math/Transform3x3Matrix.uasset" 302
"../../../Engine/Content/Functions/Engine_MaterialFunctions02/SplitComponents.uasset" 303
"../../../Engine/Content/Functions/Engine_MaterialFunctions02/Utility/MakeFloat3.uasset" 304
"../../../Engine/Content/VREditor/SnapGrid/SnapGridMaterial.uasset" 305
"../../../Engine/Content/VREditor/SnapGrid/SnapGridPlaneMesh.uasset" 306
"../../../Engine/Content/VREditor/Sounds/VR_teleport.uasset" 307
"../../../Engine/Content/VREditor/Sounds/UI/Click_on_Button_Cue.uasset" 308
"../../../Engine/Content/VREditor/Sounds/UI/Dockable_Window_Close.uasset" 309
"../../../Engine/Content/VREditor/Sounds/UI/Dockable_Window_Drop.uasset" 310
"../../../Engine/Content/VREditor/Sounds/UI/Dockable_Window_Open.uasset" 311
"../../../Engine/Content/VREditor/Sounds/UI/Dockable_Window_Pick_Up.uasset" 312
"../../../Engine/Content/VREditor/Sounds/UI/Drop_Item_From_ContentBrowser.uasset" 313
"../../../Engine/Content/VREditor/Sounds/UI/Floating_UI_Open-001.uasset" 314
"../../../Engine/Content/VREditor/Sounds/UI/Gizmo_Handle_Clicked.uasset" 315
"../../../Engine/Content/VREditor/Sounds/UI/Object_PickUp.uasset" 316
"../../../Engine/Content/VREditor/Sounds/UI/Object_Snaps_To_Another_Actor.uasset" 317
"../../../Engine/Content/VREditor/Sounds/UI/Object_Snaps_To_Grid.uasset" 318
"../../../Engine/Content/VREditor/Sounds/UI/Radial_Menu_FadeOut.uasset" 319
"../../../Engine/Content/VREditor/Sounds/UI/Scaling_Down.uasset" 320
"../../../Engine/Content/VREditor/Sounds/UI/Scaling_Up.uasset" 321
"../../../Engine/Content/VREditor/Sounds/UI/Selection_Changes.uasset" 322
"../../../Engine/Content/VREditor/Sounds/UI/Teleport_Mode_Entered.uasset" 323
"../../../Engine/Content/VREditor/Teleport/TeleportDirectionMaterial.uasset" 324
"../../../Engine/Content/VREditor/Teleport/TeleportDirectionMaterial_Inst.uasset" 325
"../../../Engine/Content/VREditor/Teleport/TeleportDirectionMesh.uasset" 326
"../../../Engine/Content/VREditor/TransformGizmo/BoundingBoxCorner.uasset" 327
"../../../Engine/Content/VREditor/TransformGizmo/BoundingBoxEdge.uasset" 328
"../../../Engine/Content/VREditor/TransformGizmo/PlaneTranslationHandle.uasset" 329
"../../../Engine/Content/VREditor/TransformGizmo/RotationHandleFull.uasset" 330
"../../../Engine/Content/VREditor/TransformGizmo/RotationHandleIndicator.uasset" 331
"../../../Engine/Content/VREditor/TransformGizmo/RotationHandleQuarter.uasset" 332
"../../../Engine/Content/VREditor/TransformGizmo/Main.uasset" 333
"../../../Engine/Content/VREditor/TransformGizmo/Xray.uasset" 334
"../../../Engine/Content/VREditor/TransformGizmo/SM_Dialog_Close.uasset" 335
"../../../Engine/Content/VREditor/TransformGizmo/SM_Dialog_Move.uasset" 336
"../../../Engine/Content/VREditor/TransformGizmo/SM_Sequencer_Key.uasset" 337
"../../../Engine/Content/VREditor/TransformGizmo/SM_Sequencer_Node.uasset" 338
"../../../Engine/Content/VREditor/TransformGizmo/StartRotationHandleIndicator.uasset" 339
"../../../Engine/Content/VREditor/TransformGizmo/TranslucentTransformGizmoMaterial_Inst.uasset" 340
"../../../Engine/Content/VREditor/TransformGizmo/TransformGizmoFreeRotation.uasset" 341
"../../../Engine/Content/VREditor/TransformGizmo/TransformGizmoMaterial_Inst.uasset" 342
"../../../Engine/Content/VREditor/TransformGizmo/TranslateArrowHandle.uasset" 343
"../../../Engine/Content/VREditor/TransformGizmo/UniformScaleHandle.uasset" 344
"../../../Engine/Content/VREditor/UI/KeyDiskMaterial.uasset" 345
"../../../Engine/Content/VREditor/UI/DiscMaterial.uasset" 346
"../../../Engine/Content/VREditor/UI/SM_Radial_Disk.uasset" 347
"../../../Engine/Content/VREditor/WorldMovementGrid/SimpleGrid.uasset" 348
"../../../Engine/Content/VREditor/WorldMovementGrid/GridMaterial.uasset" 349
"../../../Engine/Content/Functions/Engine_MaterialFunctions01/Density/ExponentialDensity.uasset" 350
"../../../Engine/Content/VREditor/WorldMovementGrid/GridPostProcess.uasset" 351
"../../../Engine/Content/EditorLandscapeResources/FlattenHeightMat.uasset" 352
"../../../Engine/Content/VREditor/WorldMovementGrid/PlaneMesh.uasset" 353
"../../../Engine/Plugins/2D/Paper2D/Content/PlaceholderTextures/DummySpriteTexture.uasset" 354
"../../../Engine/Plugins/2D/Paper2D/Content/DummySprite.uasset" 355
"../../../Engine/Plugins/2D/Paper2D/Content/DefaultPaperTerrainMaterial.uasset" 356
"../../../Engine/Plugins/2D/Paper2D/Content/DefaultSpriteMaterial.uasset" 357
"../../../Engine/Plugins/2D/Paper2D/Content/MaskedUnlitSpriteMaterial.uasset" 358
"../../../Engine/Plugins/2D/Paper2D/Content/OpaqueUnlitSpriteMaterial.uasset" 359
"../../../Engine/Plugins/Media/MediaCompositing/Content/DefaultMediaPlaneMaterial.uasset" 360
"../../../Engine/Content/Functions/Engine_MaterialFunctions01/Texturing/ScaleUVsByCenter.uasset" 361
"../../../Engine/Content/Functions/Engine_MaterialFunctions02/Utility/MakeFloat4.uasset" 362
"../../../Engine/Plugins/Runtime/AppleARKit/Content/ARKitCameraMaterial.uasset" 363
"../../../Engine/Plugins/Runtime/Oculus/OculusVR/Content/Textures/GearVRController_AO.uasset" 364
"../../../Engine/Plugins/Runtime/Oculus/OculusVR/Content/Textures/GearVRController_Color.uasset" 365
"../../../Engine/Plugins/Runtime/Oculus/OculusVR/Content/Textures/GearVRController_Normal.uasset" 366
"../../../Engine/Plugins/Runtime/Oculus/OculusVR/Content/Materials/GearVRControllerMaterial.uasset" 367
"../../../Engine/Plugins/Runtime/Oculus/OculusVR/Content/Meshes/GearVrController.uasset" 368
"../../../Engine/Content/EngineSky/C_Sky_Cloud_Color.uasset" 369
"../../../Engine/Content/EngineSky/C_Sky_Horizon_Color.uasset" 370
"../../../Engine/Content/EngineSky/C_Sky_Zenith_Color.uasset" 371
"../../../Engine/Content/EngineSky/T_Sky_Blue.uasset" 372
"../../../Engine/Content/EngineSky/T_Sky_Clouds_M.uasset" 373
"../../../Engine/Content/EngineSky/T_Sky_Stars.uasset" 374
"../../../Engine/Content/EngineSky/M_Sky_Panning_Clouds2.uasset" 375
"../../../Engine/Content/EngineSky/SM_SkySphere.uasset" 376
"../../../Engine/Content/EngineSky/BP_Sky_Sphere.uasset" 377
"../../../Noob_noob3/Content/UI/DNACollectionWidget.uasset" 378
"../../../Noob_noob3/Content/UI/DNACollectionHUD.uasset" 379
"../../../Noob_noob3/Content/ThirdPersonBP/Blueprints/DNAGameMode.uasset" 380
"../../../Noob_noob3/Content/Levels/DNACollect_BuiltData.uasset" 381
"../../../Engine/Content/BasicShapes/BasicShapeMaterial.uasset" 382
"../../../Engine/Content/BasicShapes/Cube.uasset" 383
"../../../Noob_noob3/Content/Levels/DNACollect.umap" 384
"../../../Noob_noob3/Content/Levels/HubLevel_BuiltData.uasset" 385
"../../../Noob_noob3/Content/Levels/HubLevel.umap" 386
"../../../Noob_noob3/Content/GUI/Start_Screen/Background.uasset" 387
"../../../Noob_noob3/Content/GUI/Start_Screen/BlueButton.uasset" 388
"../../../Noob_noob3/Content/GUI/Start_Screen/HexPattern.uasset" 389
"../../../Noob_noob3/Content/GUI/Start_Screen/Message01.uasset" 390
"../../../Noob_noob3/Content/GUI/Start_Screen/OrangeButton.uasset" 391
"../../../Noob_noob3/Content/GUI/Start_Screen/StartButton.uasset" 392
"../../../Noob_noob3/Content/GUI/Start_Screen/StartPlate02.uasset" 393
"../../../Noob_noob3/Content/UI/MainMenu.uasset" 394
"../../../Noob_noob3/Content/UI/MainMenuHud.uasset" 395
"../../../Noob_noob3/Content/ThirdPersonBP/Blueprints/GameMenuMode.uasset" 396
"../../../Noob_noob3/Content/Levels/MainMenu_BuiltData.uasset" 397
"../../../Noob_noob3/Content/Levels/MainMenu.umap" 398
"../../../Noob_noob3/Content/GUI/Map_Screen/Animal_Buttons/AnimalButtonBisonGreen.uasset" 399
"../../../Noob_noob3/Content/GUI/Map_Screen/Animal_Buttons/AnimalButtonBisonRed.uasset" 400
"../../../Noob_noob3/Content/GUI/Map_Screen/Animal_Buttons/AnimalButtonCondorGreen.uasset" 401
"../../../Noob_noob3/Content/GUI/Map_Screen/Animal_Buttons/AnimalButtonCondorRed.uasset" 402
"../../../Noob_noob3/Content/GUI/Map_Screen/Animal_Buttons/AnimalButtonGiraffeGreen.uasset" 403
"../../../Noob_noob3/Content/GUI/Map_Screen/Animal_Buttons/AnimalButtonGiraffeRed.uasset" 404
"../../../Noob_noob3/Content/GUI/Map_Screen/Animal_Buttons/AnimalButtonGorillaGreen.uasset" 405
"../../../Noob_noob3/Content/GUI/Map_Screen/Animal_Buttons/AnimalButtonGorillaRed.uasset" 406
"../../../Noob_noob3/Content/GUI/Map_Screen/Animal_Buttons/AnimalButtonKoalaGreen.uasset" 407
"../../../Noob_noob3/Content/GUI/Map_Screen/Animal_Buttons/AnimalButtonKoalaRed.uasset" 408
"../../../Noob_noob3/Content/GUI/Map_Screen/Animal_Buttons/AnimalButtonLynxGreen.uasset" 409
"../../../Noob_noob3/Content/GUI/Map_Screen/Animal_Buttons/AnimalButtonLynxRed.uasset" 410
"../../../Noob_noob3/Content/GUI/Map_Screen/Animal_Buttons/AnimalButtonOtterGreen.uasset" 411
"../../../Noob_noob3/Content/GUI/Map_Screen/Animal_Buttons/AnimalButtonOtterRed.uasset" 412
"../../../Noob_noob3/Content/GUI/Map_Screen/Animal_Buttons/AnimalButtonPolarGreen.uasset" 413
"../../../Noob_noob3/Content/GUI/Map_Screen/Animal_Buttons/AnimalButtonPolarRed.uasset" 414
"../../../Noob_noob3/Content/GUI/Map_Screen/Animal_Buttons/AnimalButtonRhinoGreen.uasset" 415
"../../../Noob_noob3/Content/GUI/Map_Screen/Animal_Buttons/AnimalButtonRhinoRed.uasset" 416
"../../../Noob_noob3/Content/GUI/Map_Screen/Animal_Buttons/AnimalButtonTigerGreen.uasset" 417
"../../../Noob_noob3/Content/GUI/Map_Screen/Animal_Buttons/AnimalButtonTigerRed.uasset" 418
"../../../Noob_noob3/Content/GUI/Map_Screen/BottomMessage03.uasset" 419
"../../../Noob_noob3/Content/GUI/Map_Screen/Continents/Africa.uasset" 420
"../../../Noob_noob3/Content/GUI/Map_Screen/Continents/Antarctica.uasset" 421
"../../../Noob_noob3/Content/GUI/Map_Screen/Continents/Asia.uasset" 422
"../../../Noob_noob3/Content/GUI/Map_Screen/Continents/Australia.uasset" 423
"../../../Noob_noob3/Content/GUI/Map_Screen/Continents/Europe.uasset" 424
"../../../Noob_noob3/Content/GUI/Map_Screen/Continents/NorthAmerica.uasset" 425
"../../../Noob_noob3/Content/GUI/Map_Screen/Continents/SouthAmerica.uasset" 426
"../../../Noob_noob3/Content/GUI/Map_Screen/Go02.uasset" 427
"../../../Noob_noob3/Content/GUI/Map_Screen/HexStrokeLeft02.uasset" 428
"../../../Noob_noob3/Content/GUI/Map_Screen/HexStrokeRight02.uasset" 429
"../../../Noob_noob3/Content/GUI/Map_Screen/HexStrokeTop02.uasset" 430
"../../../Noob_noob3/Content/GUI/Map_Screen/Map05.uasset" 431
"../../../Noob_noob3/Content/GUI/Map_Screen/TopMessage03.uasset" 432
"../../../Noob_noob3/Content/UI/Lab/AnimalButton02.uasset" 433
"../../../Noob_noob3/Content/UI/MapGame.uasset" 434
"../../../Noob_noob3/Content/UI/AnimalSelection.uasset" 435
"../../../Noob_noob3/Content/UI/MapGameWidget.uasset" 436
"../../../Noob_noob3/Content/UI/MapGameHUD.uasset" 437
"../../../Noob_noob3/Content/ThirdPersonBP/Blueprints/MapGameMode.uasset" 438
"../../../Noob_noob3/Content/Levels/MapGame.umap" 439
"../../../Noob_noob3/Content/StarterContent/Blueprints/Assets/FogBrightnessLUT.uasset" 440
"../../../Noob_noob3/Content/StarterContent/Blueprints/Assets/SunlightColorLUT.uasset" 441
"../../../Noob_noob3/Content/StarterContent/Blueprints/Assets/M_LightStage_Arrows.uasset" 442
"../../../Engine/Content/MapTemplates/Sky/DaylightAmbientCubemap.uasset" 443
"../../../Noob_noob3/Content/StarterContent/Blueprints/Assets/M_LightStage_Skybox_Master.uasset" 444
"../../../Noob_noob3/Content/StarterContent/Blueprints/Assets/M_LightStage_Skybox_Black.uasset" 445
"../../../Noob_noob3/Content/StarterContent/Blueprints/Assets/M_LightStage_Skybox_HDRI.uasset" 446
"../../../Engine/Content/EditorMaterials/Thumbnails/SkySphereMaterial.uasset" 447
"../../../Noob_noob3/Content/StarterContent/Blueprints/Assets/Skybox.uasset" 448
"../../../Noob_noob3/Content/StarterContent/Blueprints/Assets/SM_Arrows.uasset" 449
"../../../Noob_noob3/Content/StarterContent/HDRI/HDRI_Epic_Courtyard_Daylight.uasset" 450
"../../../Noob_noob3/Content/StarterContent/Blueprints/BP_LightStudio.uasset" 451
"../../../Noob_noob3/Content/StarterContent/Maps/Advanced_Lighting_BuiltData.uasset" 452
"../../../Noob_noob3/Content/StarterContent/Materials/M_AssetPlatform.uasset" 453
"../../../Engine/Content/EditorMeshes/ColorCalibrator/M_ChromeBall.uasset" 454
"../../../Engine/Content/EditorMeshes/ColorCalibrator/M_ClearCoat.uasset" 455
"../../../Engine/Content/EditorMeshes/ColorCalibrator/M_ClearCoatBlack.uasset" 456
"../../../Engine/Content/EditorMeshes/ColorCalibrator/Color_checker.uasset" 457
"../../../Engine/Content/EditorMeshes/ColorCalibrator/M_ColorGrid.uasset" 458
"../../../Engine/Content/EditorMeshes/ColorCalibrator/M_GreyBall.uasset" 459
"../../../Engine/Content/EditorMeshes/ColorCalibrator/SM_ColorCalibrator.uasset" 460
"../../../Noob_noob3/Content/StarterContent/Architecture/SM_AssetPlatform.uasset" 461
"../../../Noob_noob3/Content/StarterContent/Maps/Advanced_Lighting.umap" 462
"../../../Noob_noob3/Content/StarterContent/Maps/Minimal_Default_BuiltData.uasset" 463
"../../../Noob_noob3/Content/StarterContent/Textures/T_MacroVariation.uasset" 464
"../../../Noob_noob3/Content/StarterContent/Materials/M_Metal_Brushed_Nickel.uasset" 465
"../../../Noob_noob3/Content/StarterContent/Textures/T_Metal_Aluminum_D.uasset" 466
"../../../Noob_noob3/Content/StarterContent/Textures/T_Metal_Gold_N.uasset" 467
"../../../Noob_noob3/Content/StarterContent/Materials/M_Metal_Burnished_Steel.uasset" 468
"../../../Noob_noob3/Content/StarterContent/Textures/T_Metal_Copper_D.uasset" 469
"../../../Noob_noob3/Content/StarterContent/Materials/M_Metal_Copper.uasset" 470
"../../../Noob_noob3/Content/StarterContent/Textures/T_Statue_M.uasset" 471
"../../../Noob_noob3/Content/StarterContent/Textures/T_Statue_N.uasset" 472
"../../../Noob_noob3/Content/StarterContent/Props/Materials/M_StatueGlass.uasset" 473
"../../../Noob_noob3/Content/StarterContent/Architecture/Floor_400x400.uasset" 474
"../../../Noob_noob3/Content/StarterContent/Audio/Starter_Background_Cue.uasset" 475
"../../../Noob_noob3/Content/StarterContent/Props/SM_Chair.uasset" 476
"../../../Noob_noob3/Content/StarterContent/Props/Materials/M_Statue.uasset" 477
"../../../Noob_noob3/Content/StarterContent/Props/SM_Statue.uasset" 478
"../../../Noob_noob3/Content/StarterContent/Textures/T_TableRound_M.uasset" 479
"../../../Noob_noob3/Content/StarterContent/Textures/T_TableRound_N.uasset" 480
"../../../Noob_noob3/Content/StarterContent/Props/Materials/M_TableRound.uasset" 481
"../../../Noob_noob3/Content/StarterContent/Props/SM_TableRound.uasset" 482
"../../../Noob_noob3/Content/StarterContent/Maps/Minimal_Default.umap" 483
"../../../Noob_noob3/Content/StarterContent/Audio/Fire01_Cue.uasset" 484
"../../../Noob_noob3/Content/StarterContent/Textures/T_Fire_SubUV.uasset" 485
"../../../Noob_noob3/Content/StarterContent/Textures/T_Fire_Tiled_D.uasset" 486
"../../../Noob_noob3/Content/StarterContent/Particles/Materials/M_Fire_SubUV.uasset" 487
"../../../Noob_noob3/Content/StarterContent/Textures/T_Water_N.uasset" 488
"../../../Noob_noob3/Content/StarterContent/Particles/Materials/M_Heat_Distortion.uasset" 489
"../../../Noob_noob3/Content/StarterContent/Particles/Materials/M_Radial_Gradient.uasset" 490
"../../../Noob_noob3/Content/StarterContent/Particles/P_Fire.uasset" 491
"../../../Noob_noob3/Content/StarterContent/Blueprints/Blueprint_Effect_Fire.uasset" 492
"../../../Noob_noob3/Content/StarterContent/Audio/Smoke01_Cue.uasset" 493
"../../../Noob_noob3/Content/StarterContent/Particles/P_Smoke.uasset" 494
"../../../Noob_noob3/Content/StarterContent/Blueprints/Blueprint_Effect_Smoke.uasset" 495
"../../../Noob_noob3/Content/StarterContent/Audio/Fire_Sparks01_Cue.uasset" 496
"../../../Noob_noob3/Content/StarterContent/Textures/T_Spark_Core.uasset" 497
"../../../Noob_noob3/Content/StarterContent/Particles/Materials/M_Spark.uasset" 498
"../../../Noob_noob3/Content/StarterContent/Particles/P_Sparks.uasset" 499
"../../../Noob_noob3/Content/StarterContent/Blueprints/Blueprint_Effect_Sparks.uasset" 500
"../../../Noob_noob3/Content/StarterContent/Audio/Steam01_Cue.uasset" 501
"../../../Noob_noob3/Content/StarterContent/Particles/P_Steam_Lit.uasset" 502
"../../../Noob_noob3/Content/StarterContent/Blueprints/Blueprint_Effect_Steam.uasset" 503
"../../../Noob_noob3/Content/StarterContent/Textures/T_Lamp_M.uasset" 504
"../../../Noob_noob3/Content/StarterContent/Textures/T_Lamp_N.uasset" 505
"../../../Noob_noob3/Content/StarterContent/Props/Materials/M_Lamp.uasset" 506
"../../../Noob_noob3/Content/StarterContent/Props/SM_Lamp_Ceiling.uasset" 507
"../../../Noob_noob3/Content/StarterContent/Blueprints/Blueprint_CeilingLight.uasset" 508
"../../../Noob_noob3/Content/StarterContent/Props/SM_Lamp_Wall.uasset" 509
"../../../Noob_noob3/Content/StarterContent/Blueprints/Blueprint_WallSconce.uasset" 510
"../../../Noob_noob3/Content/StarterContent/Maps/StarterMap_BuiltData.uasset" 511
"../../../Engine/Content/Functions/Engine_MaterialFunctions03/Procedurals/ComputeFilterWidth.uasset" 512
"../../../Engine/Content/EngineMaterials/AntiAliasedTextMaterialTranslucent.uasset" 513
"../../../Noob_noob3/Content/StarterContent/Textures/T_Brick_Clay_Beveled_D.uasset" 514
"../../../Noob_noob3/Content/StarterContent/Textures/T_Brick_Clay_Beveled_M.uasset" 515
"../../../Noob_noob3/Content/StarterContent/Textures/T_Brick_Clay_Beveled_N.uasset" 516
"../../../Noob_noob3/Content/StarterContent/Materials/M_Brick_Clay_Beveled.uasset" 517
"../../../Noob_noob3/Content/StarterContent/Textures/T_Brick_Clay_New_D.uasset" 518
"../../../Noob_noob3/Content/StarterContent/Textures/T_Brick_Clay_New_M.uasset" 519
"../../../Noob_noob3/Content/StarterContent/Textures/T_Brick_Clay_New_N.uasset" 520
"../../../Noob_noob3/Content/StarterContent/Materials/M_Brick_Clay_New.uasset" 521
"../../../Noob_noob3/Content/StarterContent/Textures/T_Brick_Clay_Old_D.uasset" 522
"../../../Noob_noob3/Content/StarterContent/Textures/T_Brick_Clay_Old_N.uasset" 523
"../../../Noob_noob3/Content/StarterContent/Textures/T_Perlin_Noise_M.uasset" 524
"../../../Noob_noob3/Content/StarterContent/Materials/M_Brick_Clay_Old.uasset" 525
"../../../Noob_noob3/Content/StarterContent/Textures/T_Brick_Cut_Stone_D.uasset" 526
"../../../Noob_noob3/Content/StarterContent/Textures/T_Brick_Cut_Stone_N.uasset" 527
"../../../Noob_noob3/Content/StarterContent/Materials/M_Brick_Cut_Stone.uasset" 528
"../../../Noob_noob3/Content/StarterContent/Textures/T_Brick_Hewn_Stone_D.uasset" 529
"../../../Noob_noob3/Content/StarterContent/Textures/T_Brick_Hewn_Stone_M.uasset" 530
"../../../Noob_noob3/Content/StarterContent/Textures/T_Brick_Hewn_Stone_N.uasset" 531
"../../../Noob_noob3/Content/StarterContent/Materials/M_Brick_Hewn_Stone.uasset" 532
"../../../Noob_noob3/Content/StarterContent/Textures/T_Ceramic_Tile_M.uasset" 533
"../../../Noob_noob3/Content/StarterContent/Textures/T_Ceramic_Tile_N.uasset" 534
"../../../Noob_noob3/Content/StarterContent/Textures/T_Rock_Marble_Polished_D.uasset" 535
"../../../Noob_noob3/Content/StarterContent/Materials/M_Ceramic_Tile_Checker.uasset" 536
"../../../Noob_noob3/Content/StarterContent/Textures/T_CobbleStone_Pebble_D.uasset" 537
"../../../Noob_noob3/Content/StarterContent/Textures/T_CobbleStone_Pebble_M.uasset" 538
"../../../Noob_noob3/Content/StarterContent/Textures/T_CobbleStone_Pebble_N.uasset" 539
"../../../Noob_noob3/Content/StarterContent/Materials/M_CobbleStone_Pebble.uasset" 540
"../../../Noob_noob3/Content/StarterContent/Textures/T_CobbleStone_Rough_D.uasset" 541
"../../../Noob_noob3/Content/StarterContent/Textures/T_CobbleStone_Rough_N.uasset" 542
"../../../Noob_noob3/Content/StarterContent/Textures/T_Gradinet_01.uasset" 543
"../../../Noob_noob3/Content/StarterContent/Textures/T_Rock_Smooth_Granite_D.uasset" 544
"../../../Noob_noob3/Content/StarterContent/Materials/M_CobbleStone_Rough.uasset" 545
"../../../Noob_noob3/Content/StarterContent/Textures/T_CobbleStone_Smooth_D.uasset" 546
"../../../Noob_noob3/Content/StarterContent/Textures/T_CobbleStone_Smooth_M.uasset" 547
"../../../Noob_noob3/Content/StarterContent/Textures/T_CobbleStone_Smooth_N.uasset" 548
"../../../Noob_noob3/Content/StarterContent/Materials/M_CobbleStone_Smooth.uasset" 549
"../../../Noob_noob3/Content/StarterContent/Textures/T_Concrete_Grime_D.uasset" 550
"../../../Noob_noob3/Content/StarterContent/Textures/T_Metal_Rust_N.uasset" 551
"../../../Noob_noob3/Content/StarterContent/Materials/M_Concrete_Grime.uasset" 552
"../../../Noob_noob3/Content/StarterContent/Textures/T_Concrete_Panels_D.uasset" 553
"../../../Noob_noob3/Content/StarterContent/Textures/T_Concrete_Panels_N.uasset" 554
"../../../Noob_noob3/Content/StarterContent/Materials/M_Concrete_Panels.uasset" 555
"../../../Noob_noob3/Content/StarterContent/Textures/T_Concrete_Poured_D.uasset" 556
"../../../Noob_noob3/Content/StarterContent/Textures/T_Concrete_Poured_N.uasset" 557
"../../../Noob_noob3/Content/StarterContent/Materials/M_Concrete_Poured.uasset" 558
"../../../Noob_noob3/Content/StarterContent/Textures/T_Concrete_Tiles_D.uasset" 559
"../../../Noob_noob3/Content/StarterContent/Textures/T_Concrete_Tiles_M.uasset" 560
"../../../Noob_noob3/Content/StarterContent/Textures/T_Concrete_Tiles_N.uasset" 561
"../../../Noob_noob3/Content/StarterContent/Textures/T_Concrete_Tiles_Variation_M.uasset" 562
"../../../Noob_noob3/Content/StarterContent/Materials/M_Concrete_Tiles.uasset" 563
"../../../Noob_noob3/Content/StarterContent/Textures/T_Ground_Grass_D.uasset" 564
"../../../Noob_noob3/Content/StarterContent/Textures/T_Ground_Grass_N.uasset" 565
"../../../Noob_noob3/Content/StarterContent/Materials/M_Ground_Grass.uasset" 566
"../../../Noob_noob3/Content/StarterContent/Textures/T_Ground_Gravel_D.uasset" 567
"../../../Noob_noob3/Content/StarterContent/Textures/T_Ground_Gravel_N.uasset" 568
"../../../Noob_noob3/Content/StarterContent/Materials/M_Ground_Gravel.uasset" 569
"../../../Noob_noob3/Content/StarterContent/Textures/T_ground_Moss_D.uasset" 570
"../../../Noob_noob3/Content/StarterContent/Textures/T_Ground_Moss_N.uasset" 571
"../../../Noob_noob3/Content/StarterContent/Materials/M_Ground_Moss.uasset" 572
"../../../Noob_noob3/Content/StarterContent/Materials/M_Metal_Chrome.uasset" 573
"../../../Noob_noob3/Content/StarterContent/Textures/T_Metal_Gold_D.uasset" 574
"../../../Noob_noob3/Content/StarterContent/Materials/M_Metal_Gold.uasset" 575
"../../../Noob_noob3/Content/StarterContent/Textures/T_Metal_Rust_D.uasset" 576
"../../../Noob_noob3/Content/StarterContent/Materials/M_Metal_Rust.uasset" 577
"../../../Noob_noob3/Content/StarterContent/Textures/T_Metal_Steel_D.uasset" 578
"../../../Noob_noob3/Content/StarterContent/Textures/T_Metal_Steel_N.uasset" 579
"../../../Noob_noob3/Content/StarterContent/Materials/M_Metal_Steel.uasset" 580
"../../../Noob_noob3/Content/StarterContent/Textures/T_Rock_Basalt_N.uasset" 581
"../../../Noob_noob3/Content/StarterContent/Materials/M_Rock_Basalt.uasset" 582
"../../../Noob_noob3/Content/StarterContent/Materials/M_Rock_Marble_Polished.uasset" 583
"../../../Noob_noob3/Content/StarterContent/Textures/T_Rock_Sandstone_D.uasset" 584
"../../../Noob_noob3/Content/StarterContent/Textures/T_Rock_Sandstone_N.uasset" 585
"../../../Noob_noob3/Content/StarterContent/Materials/M_Rock_Sandstone.uasset" 586
"../../../Noob_noob3/Content/StarterContent/Textures/T_Rock_Slate_D.uasset" 587
"../../../Noob_noob3/Content/StarterContent/Textures/T_Rock_Slate_N.uasset" 588
"../../../Noob_noob3/Content/StarterContent/Materials/M_Rock_Slate.uasset" 589
"../../../Noob_noob3/Content/StarterContent/Textures/T_Checker_Noise_M.uasset" 590
"../../../Noob_noob3/Content/StarterContent/Textures/T_Single_Tile_N.uasset" 591
"../../../Noob_noob3/Content/StarterContent/Textures/T_Tech_Dot_M.uasset" 592
"../../../Noob_noob3/Content/StarterContent/Textures/T_Tech_Dot_N.uasset" 593
"../../../Noob_noob3/Content/StarterContent/Materials/M_Tech_Checker_Dot.uasset" 594
"../../../Noob_noob3/Content/StarterContent/Textures/T_Tech_Hex_Tile_M.uasset" 595
"../../../Noob_noob3/Content/StarterContent/Textures/T_Tech_Hex_Tile_N.uasset" 596
"../../../Noob_noob3/Content/StarterContent/Materials/M_Tech_Hex_Tile.uasset" 597
"../../../Noob_noob3/Content/StarterContent/Materials/M_Tech_Hex_Tile_Pulse.uasset" 598
"../../../Noob_noob3/Content/StarterContent/Textures/T_Tech_Panel_M.uasset" 599
"../../../Noob_noob3/Content/StarterContent/Textures/T_Tech_Panel_N.uasset" 600
"../../../Noob_noob3/Content/StarterContent/Materials/M_Tech_Panel.uasset" 601
"../../../Noob_noob3/Content/StarterContent/Materials/M_Water_Lake.uasset" 602
"../../../Noob_noob3/Content/StarterContent/Textures/T_Water_M.uasset" 603
"../../../Noob_noob3/Content/StarterContent/Materials/M_Water_Ocean.uasset" 604
"../../../Noob_noob3/Content/StarterContent/Textures/T_Wood_Floor_Walnut_D.uasset" 605
"../../../Noob_noob3/Content/StarterContent/Textures/T_Wood_Floor_Walnut_M.uasset" 606
"../../../Noob_noob3/Content/StarterContent/Textures/T_Wood_Floor_Walnut_N.uasset" 607
"../../../Noob_noob3/Content/StarterContent/Materials/M_Wood_Floor_Walnut_Polished.uasset" 608
"../../../Engine/Content/Functions/Engine_MaterialFunctions01/Opacity/AlphaOffset.uasset" 609
"../../../Noob_noob3/Content/StarterContent/Materials/M_Wood_Floor_Walnut_Worn.uasset" 610
"../../../Noob_noob3/Content/StarterContent/Textures/T_Wood_Oak_D.uasset" 611
"../../../Noob_noob3/Content/StarterContent/Textures/T_Wood_Oak_N.uasset" 612
"../../../Noob_noob3/Content/StarterContent/Materials/M_Wood_Oak.uasset" 613
"../../../Noob_noob3/Content/StarterContent/Textures/T_Wood_Pine_D.uasset" 614
"../../../Noob_noob3/Content/StarterContent/Textures/T_Wood_Pine_N.uasset" 615
"../../../Noob_noob3/Content/StarterContent/Materials/M_Wood_Pine.uasset" 616
"../../../Noob_noob3/Content/StarterContent/Textures/T_Wood_Walnut_D.uasset" 617
"../../../Noob_noob3/Content/StarterContent/Textures/T_Wood_Walnut_N.uasset" 618
"../../../Noob_noob3/Content/StarterContent/Materials/M_Wood_Walnut.uasset" 619
"../../../Noob_noob3/Content/StarterContent/Architecture/Wall_400x200.uasset" 620
"../../../Noob_noob3/Content/StarterContent/Architecture/Wall_Door_400x300.uasset" 621
"../../../Noob_noob3/Content/StarterContent/Architecture/Wall_Window_400x300.uasset" 622
"../../../Noob_noob3/Content/StarterContent/Audio/Collapse_Cue.uasset" 623
"../../../Noob_noob3/Content/StarterContent/Audio/Starter_Music_Cue.uasset" 624
"../../../Noob_noob3/Content/StarterContent/Textures/T_Dust_Particle_D.uasset" 625
"../../../Noob_noob3/Content/StarterContent/Particles/Materials/M_Dust_Particle.uasset" 626
"../../../Noob_noob3/Content/StarterContent/Particles/P_Ambient_Dust.uasset" 627
"../../../Noob_noob3/Content/StarterContent/Props/MaterialSphere.uasset" 628
"../../../Noob_noob3/Content/StarterContent/Textures/T_Frame_M.uasset" 629
"../../../Noob_noob3/Content/StarterContent/Textures/T_Frame_N.uasset" 630
"../../../Noob_noob3/Content/StarterContent/Props/Materials/M_Frame.uasset" 631
"../../../Noob_noob3/Content/StarterContent/Props/SM_CornerFrame.uasset" 632
"../../../Noob_noob3/Content/StarterContent/Props/SM_DoorFrame.uasset" 633
"../../../Noob_noob3/Content/StarterContent/Props/SM_GlassWindow.uasset" 634
"../../../Noob_noob3/Content/StarterContent/Props/SM_PillarFrame.uasset" 635
"../../../Noob_noob3/Content/StarterContent/Props/SM_PillarFrame300.uasset" 636
"../../../Noob_noob3/Content/StarterContent/Props/SM_WindowFrame.uasset" 637
"../../../Noob_noob3/Content/StarterContent/Shapes/Shape_Cube.uasset" 638
"../../../Noob_noob3/Content/StarterContent/Shapes/Shape_QuadPyramid.uasset" 639
"../../../Noob_noob3/Content/StarterContent/Shapes/Shape_Sphere.uasset" 640
"../../../Noob_noob3/Content/StarterContent/Maps/StarterMap.umap" 641
"../../../Noob_noob3/Content/ThirdPersonBP/Maps/ThirdPersonExampleMap_BuiltData.uasset" 642
"../../../Engine/Content/BasicShapes/Plane.uasset" 643
"../../../Noob_noob3/Content/3D/Environment/HexBlock/lambert1.uasset" 644
"../../../Noob_noob3/Content/3D/Environment/HexBlock/hexBlock.uasset" 645
"../../../Noob_noob3/Content/Geometry/Meshes/CubeMaterial.uasset" 646
"../../../Noob_noob3/Content/Geometry/Meshes/1M_Cube.uasset" 647
"../../../Noob_noob3/Content/Geometry/Meshes/1M_Cube_Chamfer.uasset" 648
"../../../Noob_noob3/Content/Geometry/Meshes/TemplateFloor.uasset" 649
"../../../Noob_noob3/Content/ThirdPerson/Meshes/RampMaterial.uasset" 650
"../../../Noob_noob3/Content/ThirdPerson/Meshes/Bump_StaticMesh.uasset" 651
"../../../Noob_noob3/Content/ThirdPerson/Meshes/LeftArm_StaticMesh.uasset" 652
"../../../Noob_noob3/Content/ThirdPerson/Meshes/Linear_Stair_StaticMesh.uasset" 653
"../../../Noob_noob3/Content/ThirdPerson/Meshes/Ramp_StaticMesh.uasset" 654
"../../../Noob_noob3/Content/ThirdPerson/Meshes/RightArm_StaticMesh.uasset" 655
"../../../Noob_noob3/Content/ThirdPersonBP/Maps/ThirdPersonExampleMap.umap" 656
"../../../Engine/Content/Maps/Entry.umap" 657
